<?xml version="1.0" ?>
<!DOCTYPE coverage SYSTEM "http://cobertura.sourceforge.net/xml/coverage-04.dtd">
<coverage lines-valid="130"  lines-covered="127"  line-rate="0.9769"  branches-valid="42"  branches-covered="37"  branch-rate="0.8809999999999999"  timestamp="1478671229278" complexity="0" version="0.1">
<sources>
	<source>/home/shivam/climbing-grade</source>
</sources>
<packages>
	<package name="climbing-grade"  line-rate="0.95"  branch-rate="0.9" >
	<classes>
		<class name="climbing-grade.js"  filename="climbing-grade.js"  line-rate="0.95"  branch-rate="0.9" >
		<methods>
			<method name="(anonymous_1)"  hits="1"  signature="()V" >
				<lines><line number="1"  hits="1" /></lines>
			</method>
			<method name="ClimbingGrade"  hits="259"  signature="()V" >
				<lines><line number="2"  hits="259" /></lines>
			</method>
			<method name="(anonymous_3)"  hits="39"  signature="()V" >
				<lines><line number="26"  hits="39" /></lines>
			</method>
			<method name="formatGrade"  hits="291"  signature="()V" >
				<lines><line number="44"  hits="291" /></lines>
			</method>
			<method name="(anonymous_5)"  hits="261"  signature="()V" >
				<lines><line number="48"  hits="261" /></lines>
			</method>
			<method name="(anonymous_6)"  hits="520"  signature="()V" >
				<lines><line number="83"  hits="520" /></lines>
			</method>
			<method name="(anonymous_7)"  hits="272"  signature="()V" >
				<lines><line number="92"  hits="272" /></lines>
			</method>
			<method name="(anonymous_8)"  hits="261"  signature="()V" >
				<lines><line number="117"  hits="261" /></lines>
			</method>
		</methods>
		<lines>
			<line number="1"  hits="1"  branch="false" />
			<line number="2"  hits="1"  branch="false" />
			<line number="3"  hits="259"  branch="false" />
			<line number="4"  hits="259"  branch="false" />
			<line number="5"  hits="259"  branch="true"  condition-coverage="100% (4/4)" />
			<line number="6"  hits="259"  branch="true"  condition-coverage="100% (4/4)" />
			<line number="7"  hits="259"  branch="false" />
			<line number="27"  hits="39"  branch="false" />
			<line number="28"  hits="39"  branch="false" />
			<line number="41"  hits="259"  branch="false" />
			<line number="44"  hits="1"  branch="false" />
			<line number="45"  hits="291"  branch="true"  condition-coverage="100% (2/2)" />
			<line number="48"  hits="1"  branch="false" />
			<line number="49"  hits="261"  branch="false" />
			<line number="51"  hits="261"  branch="true"  condition-coverage="100% (2/2)" />
			<line number="52"  hits="248"  branch="false" />
			<line number="55"  hits="13"  branch="true"  condition-coverage="100% (4/4)" />
			<line number="56"  hits="13"  branch="true"  condition-coverage="100% (4/4)" />
			<line number="59"  hits="13"  branch="false" />
			<line number="60"  hits="13"  branch="false" />
			<line number="61"  hits="13"  branch="false" />
			<line number="62"  hits="13"  branch="false" />
			<line number="63"  hits="43"  branch="false" />
			<line number="64"  hits="43"  branch="false" />
			<line number="65"  hits="43"  branch="false" />
			<line number="66"  hits="43"  branch="false" />
			<line number="67"  hits="43"  branch="true"  condition-coverage="100% (2/2)" />
			<line number="68"  hits="31"  branch="false" />
			<line number="69"  hits="31"  branch="false" />
			<line number="74"  hits="13"  branch="true"  condition-coverage="100% (2/2)" />
			<line number="75"  hits="7"  branch="false" />
			<line number="76"  hits="6"  branch="true"  condition-coverage="100% (2/2)" />
			<line number="77"  hits="3"  branch="false" />
			<line number="78"  hits="3"  branch="true"  condition-coverage="50% (1/2)" />
			<line number="79"  hits="3"  branch="false" />
			<line number="83"  hits="1"  branch="false" />
			<line number="84"  hits="520"  branch="false" />
			<line number="85"  hits="520"  branch="true"  condition-coverage="50% (1/2)" />
			<line number="86"  hits="520"  branch="false" />
			<line number="88"  hits="0"  branch="false" />
			<line number="92"  hits="1"  branch="false" />
			<line number="93"  hits="272"  branch="true"  condition-coverage="100% (2/2)" />
			<line number="94"  hits="13"  branch="false" />
			<line number="98"  hits="259"  branch="false" />
			<line number="100"  hits="259"  branch="false" />
			<line number="101"  hits="259"  branch="false" />
			<line number="102"  hits="259"  branch="false" />
			<line number="103"  hits="4724"  branch="true"  condition-coverage="100% (2/2)" />
			<line number="104"  hits="340"  branch="false" />
			<line number="105"  hits="4384"  branch="true"  condition-coverage="100% (2/2)" />
			<line number="106"  hits="253"  branch="false" />
			<line number="110"  hits="259"  branch="true"  condition-coverage="50% (1/2)" />
			<line number="111"  hits="0"  branch="false" />
			<line number="114"  hits="259"  branch="false" />
			<line number="117"  hits="1"  branch="false" />
			<line number="118"  hits="261"  branch="false" />
			<line number="121"  hits="1"  branch="false" />
			<line number="125"  hits="1"  branch="true"  condition-coverage="50% (1/2)" />
			<line number="126"  hits="0"  branch="false" />
			<line number="128"  hits="1"  branch="false" />
		</lines>
		</class>
	</classes>
	</package>
	<package name="climbing-grade.spec"  line-rate="1"  branch-rate="0.5" >
	<classes>
		<class name="climbing-grade.spec.js"  filename="spec/climbing-grade.spec.js"  line-rate="1"  branch-rate="0.5" >
		<methods>
			<method name="(anonymous_1)"  hits="1"  signature="()V" >
				<lines><line number="1"  hits="1" /></lines>
			</method>
			<method name="(anonymous_2)"  hits="1"  signature="()V" >
				<lines><line number="27"  hits="1" /></lines>
			</method>
			<method name="(anonymous_3)"  hits="1"  signature="()V" >
				<lines><line number="32"  hits="1" /></lines>
			</method>
			<method name="(anonymous_4)"  hits="1"  signature="()V" >
				<lines><line number="43"  hits="1" /></lines>
			</method>
			<method name="(anonymous_5)"  hits="1"  signature="()V" >
				<lines><line number="53"  hits="1" /></lines>
			</method>
			<method name="(anonymous_6)"  hits="1"  signature="()V" >
				<lines><line number="67"  hits="1" /></lines>
			</method>
			<method name="(anonymous_7)"  hits="1"  signature="()V" >
				<lines><line number="75"  hits="1" /></lines>
			</method>
			<method name="(anonymous_8)"  hits="1"  signature="()V" >
				<lines><line number="79"  hits="1" /></lines>
			</method>
			<method name="(anonymous_9)"  hits="1"  signature="()V" >
				<lines><line number="83"  hits="1" /></lines>
			</method>
			<method name="(anonymous_10)"  hits="1"  signature="()V" >
				<lines><line number="87"  hits="1" /></lines>
			</method>
			<method name="(anonymous_11)"  hits="1"  signature="()V" >
				<lines><line number="91"  hits="1" /></lines>
			</method>
			<method name="(anonymous_12)"  hits="1"  signature="()V" >
				<lines><line number="95"  hits="1" /></lines>
			</method>
			<method name="(anonymous_13)"  hits="1"  signature="()V" >
				<lines><line number="99"  hits="1" /></lines>
			</method>
			<method name="(anonymous_14)"  hits="1"  signature="()V" >
				<lines><line number="103"  hits="1" /></lines>
			</method>
			<method name="(anonymous_15)"  hits="1"  signature="()V" >
				<lines><line number="107"  hits="1" /></lines>
			</method>
			<method name="testSystem"  hits="8"  signature="()V" >
				<lines><line number="112"  hits="8" /></lines>
			</method>
		</methods>
		<lines>
			<line number="1"  hits="1"  branch="false" />
			<line number="2"  hits="1"  branch="false" />
			<line number="3"  hits="33"  branch="false" />
			<line number="4"  hits="34"  branch="false" />
			<line number="5"  hits="1"  branch="false" />
			<line number="6"  hits="17"  branch="false" />
			<line number="7"  hits="1"  branch="false" />
			<line number="8"  hits="1"  branch="false" />
			<line number="9"  hits="1"  branch="false" />
			<line number="11"  hits="1"  branch="false" />
			<line number="23"  hits="1"  branch="true"  condition-coverage="50% (1/2)" />
			<line number="24"  hits="1"  branch="false" />
			<line number="27"  hits="1"  branch="false" />
			<line number="28"  hits="1"  branch="false" />
			<line number="29"  hits="1"  branch="false" />
			<line number="32"  hits="1"  branch="false" />
			<line number="33"  hits="1"  branch="false" />
			<line number="34"  hits="1"  branch="false" />
			<line number="35"  hits="1"  branch="false" />
			<line number="37"  hits="1"  branch="false" />
			<line number="38"  hits="1"  branch="false" />
			<line number="39"  hits="1"  branch="false" />
			<line number="43"  hits="1"  branch="false" />
			<line number="44"  hits="1"  branch="false" />
			<line number="45"  hits="1"  branch="false" />
			<line number="46"  hits="1"  branch="false" />
			<line number="48"  hits="1"  branch="false" />
			<line number="49"  hits="1"  branch="false" />
			<line number="50"  hits="1"  branch="false" />
			<line number="53"  hits="1"  branch="false" />
			<line number="54"  hits="1"  branch="false" />
			<line number="55"  hits="1"  branch="false" />
			<line number="57"  hits="1"  branch="false" />
			<line number="58"  hits="1"  branch="false" />
			<line number="60"  hits="1"  branch="false" />
			<line number="61"  hits="1"  branch="false" />
			<line number="63"  hits="1"  branch="false" />
			<line number="64"  hits="1"  branch="false" />
			<line number="67"  hits="1"  branch="false" />
			<line number="68"  hits="1"  branch="false" />
			<line number="69"  hits="1"  branch="false" />
			<line number="70"  hits="1"  branch="false" />
			<line number="71"  hits="1"  branch="false" />
			<line number="72"  hits="1"  branch="false" />
			<line number="75"  hits="1"  branch="false" />
			<line number="76"  hits="1"  branch="false" />
			<line number="79"  hits="1"  branch="false" />
			<line number="80"  hits="1"  branch="false" />
			<line number="83"  hits="1"  branch="false" />
			<line number="84"  hits="1"  branch="false" />
			<line number="87"  hits="1"  branch="false" />
			<line number="88"  hits="1"  branch="false" />
			<line number="91"  hits="1"  branch="false" />
			<line number="92"  hits="1"  branch="false" />
			<line number="95"  hits="1"  branch="false" />
			<line number="96"  hits="1"  branch="false" />
			<line number="99"  hits="1"  branch="false" />
			<line number="100"  hits="1"  branch="false" />
			<line number="103"  hits="1"  branch="false" />
			<line number="104"  hits="1"  branch="false" />
			<line number="107"  hits="1"  branch="false" />
			<line number="108"  hits="1"  branch="false" />
			<line number="109"  hits="1"  branch="false" />
			<line number="112"  hits="1"  branch="false" />
			<line number="113"  hits="8"  branch="false" />
			<line number="114"  hits="8"  branch="false" />
			<line number="115"  hits="247"  branch="false" />
			<line number="116"  hits="247"  branch="false" />
			<line number="117"  hits="247"  branch="false" />
			<line number="118"  hits="247"  branch="false" />
		</lines>
		</class>
	</classes>
	</package>
</packages>
</coverage>
