{"/home/shivam/climbing-grade/spec/climbing-grade.spec.js":{"path":"/home/shivam/climbing-grade/spec/climbing-grade.spec.js","s":{"1":1,"2":1,"3":1,"4":1,"5":33,"6":1,"7":1,"8":34,"9":1,"10":1,"11":1,"12":17,"13":1,"14":1,"15":1,"16":1,"17":1,"18":1,"19":1,"20":1,"21":1,"22":1,"23":1,"24":1,"25":1,"26":1,"27":1,"28":1,"29":1,"30":1,"31":1,"32":1,"33":1,"34":1,"35":1,"36":1,"37":1,"38":1,"39":1,"40":1,"41":1,"42":1,"43":1,"44":1,"45":1,"46":1,"47":1,"48":1,"49":1,"50":1,"51":1,"52":1,"53":1,"54":1,"55":1,"56":1,"57":1,"58":1,"59":1,"60":1,"61":1,"62":1,"63":1,"64":1,"65":1,"66":1,"67":1,"68":1,"69":1,"70":1,"71":8,"72":8,"73":247,"74":247,"75":247,"76":247},"b":{"1":[1,0]},"f":{"1":1,"2":1,"3":1,"4":1,"5":1,"6":1,"7":1,"8":1,"9":1,"10":1,"11":1,"12":1,"13":1,"14":1,"15":1,"16":8},"fnMap":{"1":{"name":"(anonymous_1)","line":1,"loc":{"start":{"line":1,"column":26},"end":{"line":1,"column":37}}},"2":{"name":"(anonymous_2)","line":27,"loc":{"start":{"line":27,"column":28},"end":{"line":27,"column":39}}},"3":{"name":"(anonymous_3)","line":32,"loc":{"start":{"line":32,"column":43},"end":{"line":32,"column":54}}},"4":{"name":"(anonymous_4)","line":43,"loc":{"start":{"line":43,"column":57},"end":{"line":43,"column":68}}},"5":{"name":"(anonymous_5)","line":53,"loc":{"start":{"line":53,"column":64},"end":{"line":53,"column":75}}},"6":{"name":"(anonymous_6)","line":67,"loc":{"start":{"line":67,"column":40},"end":{"line":67,"column":51}}},"7":{"name":"(anonymous_7)","line":75,"loc":{"start":{"line":75,"column":26},"end":{"line":75,"column":37}}},"8":{"name":"(anonymous_8)","line":79,"loc":{"start":{"line":79,"column":30},"end":{"line":79,"column":41}}},"9":{"name":"(anonymous_9)","line":83,"loc":{"start":{"line":83,"column":33},"end":{"line":83,"column":44}}},"10":{"name":"(anonymous_10)","line":87,"loc":{"start":{"line":87,"column":24},"end":{"line":87,"column":35}}},"11":{"name":"(anonymous_11)","line":91,"loc":{"start":{"line":91,"column":25},"end":{"line":91,"column":36}}},"12":{"name":"(anonymous_12)","line":95,"loc":{"start":{"line":95,"column":24},"end":{"line":95,"column":35}}},"13":{"name":"(anonymous_13)","line":99,"loc":{"start":{"line":99,"column":27},"end":{"line":99,"column":38}}},"14":{"name":"(anonymous_14)","line":103,"loc":{"start":{"line":103,"column":23},"end":{"line":103,"column":34}}},"15":{"name":"(anonymous_15)","line":107,"loc":{"start":{"line":107,"column":52},"end":{"line":107,"column":63}}},"16":{"name":"testSystem","line":112,"loc":{"start":{"line":112,"column":2},"end":{"line":112,"column":33}}}},"statementMap":{"1":{"start":{"line":1,"column":0},"end":{"line":122,"column":3}},"2":{"start":{"line":2,"column":2},"end":{"line":2,"column":216}},"3":{"start":{"line":3,"column":2},"end":{"line":3,"column":22}},"4":{"start":{"line":3,"column":23},"end":{"line":3,"column":87}},"5":{"start":{"line":3,"column":55},"end":{"line":3,"column":85}},"6":{"start":{"line":4,"column":2},"end":{"line":4,"column":25}},"7":{"start":{"line":4,"column":26},"end":{"line":4,"column":89}},"8":{"start":{"line":4,"column":54},"end":{"line":4,"column":87}},"9":{"start":{"line":5,"column":2},"end":{"line":5,"column":230}},"10":{"start":{"line":6,"column":2},"end":{"line":6,"column":21}},"11":{"start":{"line":6,"column":22},"end":{"line":6,"column":83}},"12":{"start":{"line":6,"column":50},"end":{"line":6,"column":81}},"13":{"start":{"line":7,"column":2},"end":{"line":7,"column":186}},"14":{"start":{"line":8,"column":2},"end":{"line":8,"column":363}},"15":{"start":{"line":9,"column":2},"end":{"line":9,"column":292}},"16":{"start":{"line":11,"column":2},"end":{"line":20,"column":4}},"17":{"start":{"line":23,"column":2},"end":{"line":25,"column":3}},"18":{"start":{"line":24,"column":4},"end":{"line":24,"column":53}},"19":{"start":{"line":27,"column":2},"end":{"line":30,"column":5}},"20":{"start":{"line":28,"column":4},"end":{"line":28,"column":50}},"21":{"start":{"line":29,"column":4},"end":{"line":29,"column":32}},"22":{"start":{"line":32,"column":2},"end":{"line":41,"column":5}},"23":{"start":{"line":33,"column":4},"end":{"line":33,"column":51}},"24":{"start":{"line":34,"column":4},"end":{"line":34,"column":41}},"25":{"start":{"line":35,"column":4},"end":{"line":35,"column":36}},"26":{"start":{"line":37,"column":4},"end":{"line":37,"column":48}},"27":{"start":{"line":38,"column":4},"end":{"line":38,"column":37}},"28":{"start":{"line":39,"column":4},"end":{"line":39,"column":33}},"29":{"start":{"line":43,"column":2},"end":{"line":51,"column":5}},"30":{"start":{"line":44,"column":4},"end":{"line":44,"column":49}},"31":{"start":{"line":45,"column":4},"end":{"line":45,"column":41}},"32":{"start":{"line":46,"column":4},"end":{"line":46,"column":38}},"33":{"start":{"line":48,"column":4},"end":{"line":48,"column":51}},"34":{"start":{"line":49,"column":4},"end":{"line":49,"column":37}},"35":{"start":{"line":50,"column":4},"end":{"line":50,"column":42}},"36":{"start":{"line":53,"column":2},"end":{"line":65,"column":5}},"37":{"start":{"line":54,"column":4},"end":{"line":54,"column":50}},"38":{"start":{"line":55,"column":4},"end":{"line":55,"column":74}},"39":{"start":{"line":57,"column":4},"end":{"line":57,"column":75}},"40":{"start":{"line":58,"column":4},"end":{"line":58,"column":49}},"41":{"start":{"line":60,"column":4},"end":{"line":60,"column":52}},"42":{"start":{"line":61,"column":4},"end":{"line":61,"column":82}},"43":{"start":{"line":63,"column":4},"end":{"line":63,"column":77}},"44":{"start":{"line":64,"column":4},"end":{"line":64,"column":57}},"45":{"start":{"line":67,"column":2},"end":{"line":73,"column":5}},"46":{"start":{"line":68,"column":4},"end":{"line":68,"column":49}},"47":{"start":{"line":69,"column":4},"end":{"line":69,"column":45}},"48":{"start":{"line":70,"column":4},"end":{"line":70,"column":45}},"49":{"start":{"line":71,"column":4},"end":{"line":71,"column":45}},"50":{"start":{"line":72,"column":4},"end":{"line":72,"column":50}},"51":{"start":{"line":75,"column":2},"end":{"line":77,"column":5}},"52":{"start":{"line":76,"column":4},"end":{"line":76,"column":25}},"53":{"start":{"line":79,"column":2},"end":{"line":81,"column":5}},"54":{"start":{"line":80,"column":4},"end":{"line":80,"column":29}},"55":{"start":{"line":83,"column":2},"end":{"line":85,"column":5}},"56":{"start":{"line":84,"column":4},"end":{"line":84,"column":32}},"57":{"start":{"line":87,"column":2},"end":{"line":89,"column":5}},"58":{"start":{"line":88,"column":4},"end":{"line":88,"column":23}},"59":{"start":{"line":91,"column":2},"end":{"line":93,"column":5}},"60":{"start":{"line":92,"column":4},"end":{"line":92,"column":24}},"61":{"start":{"line":95,"column":2},"end":{"line":97,"column":5}},"62":{"start":{"line":96,"column":4},"end":{"line":96,"column":23}},"63":{"start":{"line":99,"column":2},"end":{"line":101,"column":5}},"64":{"start":{"line":100,"column":4},"end":{"line":100,"column":26}},"65":{"start":{"line":103,"column":2},"end":{"line":105,"column":5}},"66":{"start":{"line":104,"column":4},"end":{"line":104,"column":22}},"67":{"start":{"line":107,"column":2},"end":{"line":110,"column":5}},"68":{"start":{"line":108,"column":4},"end":{"line":108,"column":73}},"69":{"start":{"line":109,"column":4},"end":{"line":109,"column":74}},"70":{"start":{"line":112,"column":2},"end":{"line":120,"column":3}},"71":{"start":{"line":113,"column":4},"end":{"line":113,"column":37}},"72":{"start":{"line":114,"column":4},"end":{"line":119,"column":5}},"73":{"start":{"line":115,"column":6},"end":{"line":115,"column":28}},"74":{"start":{"line":116,"column":6},"end":{"line":116,"column":55}},"75":{"start":{"line":117,"column":6},"end":{"line":117,"column":34}},"76":{"start":{"line":118,"column":6},"end":{"line":118,"column":65}}},"branchMap":{"1":{"line":23,"type":"if","locations":[{"start":{"line":23,"column":2},"end":{"line":23,"column":2}},{"start":{"line":23,"column":2},"end":{"line":23,"column":2}}]}}},"/home/shivam/climbing-grade/climbing-grade.js":{"path":"/home/shivam/climbing-grade/climbing-grade.js","s":{"1":1,"2":1,"3":259,"4":259,"5":259,"6":259,"7":259,"8":39,"9":39,"10":259,"11":1,"12":291,"13":1,"14":261,"15":261,"16":248,"17":13,"18":13,"19":13,"20":13,"21":13,"22":13,"23":43,"24":43,"25":43,"26":43,"27":43,"28":31,"29":31,"30":13,"31":7,"32":6,"33":3,"34":3,"35":3,"36":1,"37":520,"38":520,"39":520,"40":0,"41":1,"42":272,"43":13,"44":259,"45":259,"46":259,"47":259,"48":4724,"49":340,"50":4384,"51":253,"52":259,"53":0,"54":259,"55":1,"56":261,"57":1,"58":1,"59":0,"60":1},"b":{"1":[1,258],"2":[259,2],"3":[1,258],"4":[259,2],"5":[151,140],"6":[248,13],"7":[1,12],"8":[13,2],"9":[1,12],"10":[13,2],"11":[31,12],"12":[7,6],"13":[3,3],"14":[3,0],"15":[520,0],"16":[13,259],"17":[340,4384],"18":[253,4131],"19":[0,259],"20":[0,1]},"f":{"1":1,"2":259,"3":39,"4":291,"5":261,"6":520,"7":272,"8":261},"fnMap":{"1":{"name":"(anonymous_1)","line":1,"loc":{"start":{"line":1,"column":21},"end":{"line":1,"column":32}}},"2":{"name":"ClimbingGrade","line":2,"loc":{"start":{"line":2,"column":2},"end":{"line":2,"column":49}}},"3":{"name":"(anonymous_3)","line":26,"loc":{"start":{"line":26,"column":16},"end":{"line":26,"column":27}}},"4":{"name":"formatGrade","line":44,"loc":{"start":{"line":44,"column":2},"end":{"line":44,"column":34}}},"5":{"name":"(anonymous_5)","line":48,"loc":{"start":{"line":48,"column":16},"end":{"line":48,"column":42}}},"6":{"name":"(anonymous_6)","line":83,"loc":{"start":{"line":83,"column":38},"end":{"line":83,"column":55}}},"7":{"name":"(anonymous_7)","line":92,"loc":{"start":{"line":92,"column":47},"end":{"line":92,"column":58}}},"8":{"name":"(anonymous_8)","line":117,"loc":{"start":{"line":117,"column":35},"end":{"line":117,"column":61}}}},"statementMap":{"1":{"start":{"line":1,"column":0},"end":{"line":123,"column":5}},"2":{"start":{"line":2,"column":2},"end":{"line":42,"column":3}},"3":{"start":{"line":3,"column":4},"end":{"line":3,"column":29}},"4":{"start":{"line":4,"column":4},"end":{"line":4,"column":35}},"5":{"start":{"line":5,"column":4},"end":{"line":5,"column":95}},"6":{"start":{"line":6,"column":4},"end":{"line":6,"column":89}},"7":{"start":{"line":7,"column":4},"end":{"line":39,"column":6}},"8":{"start":{"line":27,"column":10},"end":{"line":27,"column":43}},"9":{"start":{"line":28,"column":10},"end":{"line":28,"column":67}},"10":{"start":{"line":41,"column":4},"end":{"line":41,"column":54}},"11":{"start":{"line":44,"column":2},"end":{"line":46,"column":3}},"12":{"start":{"line":45,"column":4},"end":{"line":45,"column":53}},"13":{"start":{"line":48,"column":2},"end":{"line":81,"column":4}},"14":{"start":{"line":49,"column":4},"end":{"line":49,"column":40}},"15":{"start":{"line":51,"column":4},"end":{"line":53,"column":5}},"16":{"start":{"line":52,"column":6},"end":{"line":52,"column":51}},"17":{"start":{"line":55,"column":4},"end":{"line":55,"column":103}},"18":{"start":{"line":56,"column":4},"end":{"line":56,"column":107}},"19":{"start":{"line":59,"column":4},"end":{"line":59,"column":39}},"20":{"start":{"line":60,"column":4},"end":{"line":60,"column":52}},"21":{"start":{"line":61,"column":4},"end":{"line":61,"column":20}},"22":{"start":{"line":62,"column":4},"end":{"line":72,"column":5}},"23":{"start":{"line":63,"column":6},"end":{"line":63,"column":68}},"24":{"start":{"line":64,"column":6},"end":{"line":71,"column":7}},"25":{"start":{"line":65,"column":8},"end":{"line":65,"column":30}},"26":{"start":{"line":66,"column":8},"end":{"line":66,"column":43}},"27":{"start":{"line":67,"column":8},"end":{"line":70,"column":9}},"28":{"start":{"line":68,"column":10},"end":{"line":68,"column":33}},"29":{"start":{"line":69,"column":10},"end":{"line":69,"column":29}},"30":{"start":{"line":74,"column":4},"end":{"line":80,"column":5}},"31":{"start":{"line":75,"column":6},"end":{"line":75,"column":23}},"32":{"start":{"line":76,"column":11},"end":{"line":80,"column":5}},"33":{"start":{"line":77,"column":6},"end":{"line":77,"column":40}},"34":{"start":{"line":78,"column":11},"end":{"line":80,"column":5}},"35":{"start":{"line":79,"column":6},"end":{"line":79,"column":68}},"36":{"start":{"line":83,"column":2},"end":{"line":90,"column":4}},"37":{"start":{"line":84,"column":4},"end":{"line":84,"column":47}},"38":{"start":{"line":85,"column":4},"end":{"line":89,"column":5}},"39":{"start":{"line":86,"column":6},"end":{"line":86,"column":28}},"40":{"start":{"line":88,"column":6},"end":{"line":88,"column":56}},"41":{"start":{"line":92,"column":2},"end":{"line":115,"column":4}},"42":{"start":{"line":93,"column":4},"end":{"line":96,"column":5}},"43":{"start":{"line":94,"column":6},"end":{"line":94,"column":35}},"44":{"start":{"line":98,"column":4},"end":{"line":98,"column":57}},"45":{"start":{"line":100,"column":4},"end":{"line":100,"column":62}},"46":{"start":{"line":101,"column":4},"end":{"line":101,"column":29}},"47":{"start":{"line":102,"column":4},"end":{"line":108,"column":5}},"48":{"start":{"line":103,"column":6},"end":{"line":107,"column":7}},"49":{"start":{"line":104,"column":8},"end":{"line":104,"column":32}},"50":{"start":{"line":105,"column":13},"end":{"line":107,"column":7}},"51":{"start":{"line":106,"column":8},"end":{"line":106,"column":14}},"52":{"start":{"line":110,"column":4},"end":{"line":112,"column":5}},"53":{"start":{"line":111,"column":6},"end":{"line":111,"column":55}},"54":{"start":{"line":114,"column":4},"end":{"line":114,"column":27}},"55":{"start":{"line":117,"column":2},"end":{"line":119,"column":4}},"56":{"start":{"line":118,"column":4},"end":{"line":118,"column":47}},"57":{"start":{"line":121,"column":2},"end":{"line":121,"column":23}},"58":{"start":{"line":125,"column":0},"end":{"line":129,"column":1}},"59":{"start":{"line":126,"column":2},"end":{"line":126,"column":37}},"60":{"start":{"line":128,"column":2},"end":{"line":128,"column":33}}},"branchMap":{"1":{"line":5,"type":"cond-expr","locations":[{"start":{"line":5,"column":63},"end":{"line":5,"column":85}},{"start":{"line":5,"column":88},"end":{"line":5,"column":94}}]},"2":{"line":5,"type":"binary-expr","locations":[{"start":{"line":5,"column":27},"end":{"line":5,"column":34}},{"start":{"line":5,"column":38},"end":{"line":5,"column":60}}]},"3":{"line":6,"type":"cond-expr","locations":[{"start":{"line":6,"column":61},"end":{"line":6,"column":82}},{"start":{"line":6,"column":85},"end":{"line":6,"column":88}}]},"4":{"line":6,"type":"binary-expr","locations":[{"start":{"line":6,"column":26},"end":{"line":6,"column":33}},{"start":{"line":6,"column":37},"end":{"line":6,"column":58}}]},"5":{"line":45,"type":"cond-expr","locations":[{"start":{"line":45,"column":27},"end":{"line":45,"column":48}},{"start":{"line":45,"column":51},"end":{"line":45,"column":52}}]},"6":{"line":51,"type":"if","locations":[{"start":{"line":51,"column":4},"end":{"line":51,"column":4}},{"start":{"line":51,"column":4},"end":{"line":51,"column":4}}]},"7":{"line":55,"type":"cond-expr","locations":[{"start":{"line":55,"column":59},"end":{"line":55,"column":80}},{"start":{"line":55,"column":83},"end":{"line":55,"column":102}}]},"8":{"line":55,"type":"binary-expr","locations":[{"start":{"line":55,"column":24},"end":{"line":55,"column":31}},{"start":{"line":55,"column":35},"end":{"line":55,"column":56}}]},"9":{"line":56,"type":"cond-expr","locations":[{"start":{"line":56,"column":61},"end":{"line":56,"column":83}},{"start":{"line":56,"column":86},"end":{"line":56,"column":106}}]},"10":{"line":56,"type":"binary-expr","locations":[{"start":{"line":56,"column":25},"end":{"line":56,"column":32}},{"start":{"line":56,"column":36},"end":{"line":56,"column":58}}]},"11":{"line":67,"type":"if","locations":[{"start":{"line":67,"column":8},"end":{"line":67,"column":8}},{"start":{"line":67,"column":8},"end":{"line":67,"column":8}}]},"12":{"line":74,"type":"if","locations":[{"start":{"line":74,"column":4},"end":{"line":74,"column":4}},{"start":{"line":74,"column":4},"end":{"line":74,"column":4}}]},"13":{"line":76,"type":"if","locations":[{"start":{"line":76,"column":11},"end":{"line":76,"column":11}},{"start":{"line":76,"column":11},"end":{"line":76,"column":11}}]},"14":{"line":78,"type":"if","locations":[{"start":{"line":78,"column":11},"end":{"line":78,"column":11}},{"start":{"line":78,"column":11},"end":{"line":78,"column":11}}]},"15":{"line":85,"type":"if","locations":[{"start":{"line":85,"column":4},"end":{"line":85,"column":4}},{"start":{"line":85,"column":4},"end":{"line":85,"column":4}}]},"16":{"line":93,"type":"if","locations":[{"start":{"line":93,"column":4},"end":{"line":93,"column":4}},{"start":{"line":93,"column":4},"end":{"line":93,"column":4}}]},"17":{"line":103,"type":"if","locations":[{"start":{"line":103,"column":6},"end":{"line":103,"column":6}},{"start":{"line":103,"column":6},"end":{"line":103,"column":6}}]},"18":{"line":105,"type":"if","locations":[{"start":{"line":105,"column":13},"end":{"line":105,"column":13}},{"start":{"line":105,"column":13},"end":{"line":105,"column":13}}]},"19":{"line":110,"type":"if","locations":[{"start":{"line":110,"column":4},"end":{"line":110,"column":4}},{"start":{"line":110,"column":4},"end":{"line":110,"column":4}}]},"20":{"line":125,"type":"if","locations":[{"start":{"line":125,"column":0},"end":{"line":125,"column":0}},{"start":{"line":125,"column":0},"end":{"line":125,"column":0}}]}}}}